[2022-02-05T12:50:14.121Z] Validating found git in: git
[2022-02-05T12:50:14.199Z] Using git 2.25.1 from git
[2022-02-05T12:50:14.324Z] > git rev-parse --git-dir [17ms]
[2022-02-05T12:50:14.328Z] Open repository: /workspace
[2022-02-05T12:50:16.614Z] > git symbolic-ref --short HEAD [17ms]
[2022-02-05T12:50:16.662Z] > git for-each-ref --format=%(refname)%00%(upstream:short)%00%(objectname)%00%(upstream:track) refs/heads/master refs/remotes/master [43ms]
[2022-02-05T12:50:16.692Z] > git remote --verbose [20ms]
[2022-02-05T12:50:16.701Z] > git for-each-ref --sort -committerdate --format %(refname) %(objectname) %(*objectname) [34ms]
[2022-02-05T12:50:16.750Z] > git config --get commit.template [14ms]
[2022-02-05T12:50:19.950Z] > git symbolic-ref --short HEAD [22ms]
[2022-02-05T12:50:19.998Z] > git for-each-ref --format=%(refname)%00%(upstream:short)%00%(objectname)%00%(upstream:track) refs/heads/master refs/remotes/master [42ms]
[2022-02-05T12:50:20.033Z] > git remote --verbose [23ms]
[2022-02-05T12:50:20.039Z] > git for-each-ref --sort -committerdate --format %(refname) %(objectname) %(*objectname) [35ms]
[2022-02-05T12:50:20.080Z] > git config --get commit.template [14ms]
[2022-02-05T12:50:26.813Z] > git symbolic-ref --short HEAD [20ms]
[2022-02-05T12:50:26.869Z] > git for-each-ref --format=%(refname)%00%(upstream:short)%00%(objectname)%00%(upstream:track) refs/heads/master refs/remotes/master [51ms]
[2022-02-05T12:50:26.899Z] > git remote --verbose [17ms]
[2022-02-05T12:50:26.912Z] > git for-each-ref --sort -committerdate --format %(refname) %(objectname) %(*objectname) [37ms]
[2022-02-05T12:50:26.947Z] > git config --get commit.template [14ms]
[2022-02-05T12:50:34.329Z] > git symbolic-ref --short HEAD [33ms]
[2022-02-05T12:50:34.393Z] > git for-each-ref --format=%(refname)%00%(upstream:short)%00%(objectname)%00%(upstream:track) refs/heads/master refs/remotes/master [57ms]
[2022-02-05T12:50:34.426Z] > git remote --verbose [22ms]
[2022-02-05T12:50:34.436Z] > git for-each-ref --sort -committerdate --format %(refname) %(objectname) %(*objectname) [36ms]
[2022-02-05T12:50:34.494Z] > git config --get commit.template [14ms]
[2022-02-05T12:50:41.673Z] > git symbolic-ref --short HEAD [18ms]
[2022-02-05T12:50:41.721Z] > git for-each-ref --format=%(refname)%00%(upstream:short)%00%(objectname)%00%(upstream:track) refs/heads/master refs/remotes/master [40ms]
[2022-02-05T12:50:41.752Z] > git remote --verbose [17ms]
[2022-02-05T12:50:41.758Z] > git for-each-ref --sort -committerdate --format %(refname) %(objectname) %(*objectname) [31ms]
[2022-02-05T12:50:41.803Z] > git config --get commit.template [13ms]
[2022-02-05T12:50:48.548Z] > git symbolic-ref --short HEAD [27ms]
[2022-02-05T12:50:48.594Z] > git for-each-ref --format=%(refname)%00%(upstream:short)%00%(objectname)%00%(upstream:track) refs/heads/master refs/remotes/master [39ms]
[2022-02-05T12:50:48.633Z] > git remote --verbose [23ms]
[2022-02-05T12:50:48.640Z] > git for-each-ref --sort -committerdate --format %(refname) %(objectname) %(*objectname) [38ms]
[2022-02-05T12:50:48.683Z] > git config --get commit.template [14ms]
[2022-02-05T12:50:55.352Z] > git symbolic-ref --short HEAD [19ms]
[2022-02-05T12:50:55.396Z] > git for-each-ref --format=%(refname)%00%(upstream:short)%00%(objectname)%00%(upstream:track) refs/heads/master refs/remotes/master [39ms]
[2022-02-05T12:50:55.425Z] > git remote --verbose [19ms]
[2022-02-05T12:50:55.432Z] > git for-each-ref --sort -committerdate --format %(refname) %(objectname) %(*objectname) [30ms]
[2022-02-05T12:50:55.468Z] > git config --get commit.template [14ms]
[2022-02-05T12:51:03.082Z] > git symbolic-ref --short HEAD [23ms]
[2022-02-05T12:51:03.186Z] > git for-each-ref --format=%(refname)%00%(upstream:short)%00%(objectname)%00%(upstream:track) refs/heads/master refs/remotes/master [85ms]
[2022-02-05T12:51:03.275Z] > git remote --verbose [61ms]
[2022-02-05T12:51:03.289Z] > git for-each-ref --sort -committerdate --format %(refname) %(objectname) %(*objectname) [92ms]
[2022-02-05T12:51:03.346Z] > git config --get commit.template [20ms]
[2022-02-05T12:51:11.919Z] > git symbolic-ref --short HEAD [32ms]
[2022-02-05T12:51:12.001Z] > git for-each-ref --format=%(refname)%00%(upstream:short)%00%(objectname)%00%(upstream:track) refs/heads/master refs/remotes/master [72ms]
[2022-02-05T12:51:12.039Z] > git remote --verbose [23ms]
[2022-02-05T12:51:12.060Z] > git for-each-ref --sort -committerdate --format %(refname) %(objectname) %(*objectname) [50ms]
[2022-02-05T12:51:12.120Z] > git config --get commit.template [13ms]
[2022-02-05T12:51:29.779Z] > git symbolic-ref --short HEAD [35ms]
[2022-02-05T12:51:29.835Z] > git for-each-ref --format=%(refname)%00%(upstream:short)%00%(objectname)%00%(upstream:track) refs/heads/master refs/remotes/master [48ms]
[2022-02-05T12:51:29.872Z] > git remote --verbose [22ms]
[2022-02-05T12:51:29.878Z] > git for-each-ref --sort -committerdate --format %(refname) %(objectname) %(*objectname) [35ms]
[2022-02-05T12:51:29.945Z] > git config --get commit.template [17ms]
[2022-02-05T12:52:13.724Z] > git symbolic-ref --short HEAD [24ms]
[2022-02-05T12:52:13.782Z] > git for-each-ref --format=%(refname)%00%(upstream:short)%00%(objectname)%00%(upstream:track) refs/heads/master refs/remotes/master [50ms]
[2022-02-05T12:52:13.827Z] > git for-each-ref --sort -committerdate --format %(refname) %(objectname) %(*objectname) [35ms]
[2022-02-05T12:52:13.831Z] > git remote --verbose [23ms]
[2022-02-05T12:52:15.100Z] > git config --get commit.template [1142ms]
[2022-02-05T12:52:24.339Z] > git symbolic-ref --short HEAD [20ms]
[2022-02-05T12:52:24.383Z] > git for-each-ref --format=%(refname)%00%(upstream:short)%00%(objectname)%00%(upstream:track) refs/heads/master refs/remotes/master [37ms]
[2022-02-05T12:52:24.415Z] > git remote --verbose [19ms]
[2022-02-05T12:52:24.423Z] > git for-each-ref --sort -committerdate --format %(refname) %(objectname) %(*objectname) [35ms]
[2022-02-05T12:52:24.505Z] > git config --get commit.template [12ms]
[2022-02-05T12:52:40.168Z] > git symbolic-ref --short HEAD [24ms]
[2022-02-05T12:52:40.219Z] > git for-each-ref --format=%(refname)%00%(upstream:short)%00%(objectname)%00%(upstream:track) refs/heads/master refs/remotes/master [41ms]
[2022-02-05T12:52:40.250Z] > git remote --verbose [16ms]
[2022-02-05T12:52:40.258Z] > git for-each-ref --sort -committerdate --format %(refname) %(objectname) %(*objectname) [32ms]
[2022-02-05T12:52:40.342Z] > git config --get commit.template [13ms]
[2022-02-05T12:52:49.697Z] > git symbolic-ref --short HEAD [22ms]
[2022-02-05T12:52:49.746Z] > git for-each-ref --format=%(refname)%00%(upstream:short)%00%(objectname)%00%(upstream:track) refs/heads/master refs/remotes/master [41ms]
[2022-02-05T12:52:49.787Z] > git for-each-ref --sort -committerdate --format %(refname) %(objectname) %(*objectname) [30ms]
[2022-02-05T12:52:49.793Z] > git remote --verbose [20ms]
[2022-02-05T12:52:49.868Z] > git config --get commit.template [9ms]
[2022-02-05T12:53:13.556Z] > git symbolic-ref --short HEAD [22ms]
[2022-02-05T12:53:13.600Z] > git for-each-ref --format=%(refname)%00%(upstream:short)%00%(objectname)%00%(upstream:track) refs/heads/master refs/remotes/master [35ms]
[2022-02-05T12:53:13.638Z] > git remote --verbose [20ms]
[2022-02-05T12:53:13.641Z] > git for-each-ref --sort -committerdate --format %(refname) %(objectname) %(*objectname) [31ms]
[2022-02-05T12:53:13.733Z] > git config --get commit.template [14ms]
[2022-02-05T12:53:24.815Z] > git symbolic-ref --short HEAD [54ms]
[2022-02-05T12:53:24.879Z] > git for-each-ref --format=%(refname)%00%(upstream:short)%00%(objectname)%00%(upstream:track) refs/heads/master refs/remotes/master [52ms]
[2022-02-05T12:53:24.928Z] > git remote --verbose [23ms]
[2022-02-05T12:53:24.946Z] > git for-each-ref --sort -committerdate --format %(refname) %(objectname) %(*objectname) [49ms]
[2022-02-05T12:53:25.078Z] > git config --get commit.template [15ms]
[2022-02-05T12:53:34.476Z] > git symbolic-ref --short HEAD [22ms]
[2022-02-05T12:53:34.528Z] > git for-each-ref --format=%(refname)%00%(upstream:short)%00%(objectname)%00%(upstream:track) refs/heads/master refs/remotes/master [40ms]
[2022-02-05T12:53:34.565Z] > git remote --verbose [16ms]
[2022-02-05T12:53:34.568Z] > git for-each-ref --sort -committerdate --format %(refname) %(objectname) %(*objectname) [30ms]
[2022-02-05T12:53:34.657Z] > git config --get commit.template [13ms]
[2022-02-05T12:53:44.076Z] > git symbolic-ref --short HEAD [27ms]
[2022-02-05T12:53:44.143Z] > git for-each-ref --format=%(refname)%00%(upstream:short)%00%(objectname)%00%(upstream:track) refs/heads/master refs/remotes/master [55ms]
[2022-02-05T12:53:44.183Z] > git remote --verbose [21ms]
[2022-02-05T12:53:44.186Z] > git for-each-ref --sort -committerdate --format %(refname) %(objectname) %(*objectname) [32ms]
[2022-02-05T12:53:44.267Z] > git config --get commit.template [15ms]
[2022-02-05T12:53:53.991Z] > git symbolic-ref --short HEAD [20ms]
[2022-02-05T12:53:54.040Z] > git for-each-ref --format=%(refname)%00%(upstream:short)%00%(objectname)%00%(upstream:track) refs/heads/master refs/remotes/master [41ms]
[2022-02-05T12:53:54.079Z] > git remote --verbose [17ms]
[2022-02-05T12:53:54.086Z] > git for-each-ref --sort -committerdate --format %(refname) %(objectname) %(*objectname) [36ms]
[2022-02-05T12:53:54.165Z] > git config --get commit.template [16ms]
[2022-02-05T12:54:03.336Z] > git symbolic-ref --short HEAD [19ms]
[2022-02-05T12:54:03.383Z] > git for-each-ref --format=%(refname)%00%(upstream:short)%00%(objectname)%00%(upstream:track) refs/heads/master refs/remotes/master [37ms]
[2022-02-05T12:54:03.422Z] > git remote --verbose [21ms]
[2022-02-05T12:54:03.425Z] > git for-each-ref --sort -committerdate --format %(refname) %(objectname) %(*objectname) [33ms]
[2022-02-05T12:54:03.501Z] > git config --get commit.template [13ms]
[2022-02-05T12:55:43.225Z] > git symbolic-ref --short HEAD [43ms]
[2022-02-05T12:55:43.325Z] > git for-each-ref --format=%(refname)%00%(upstream:short)%00%(objectname)%00%(upstream:track) refs/heads/master refs/remotes/master [87ms]
[2022-02-05T12:55:43.365Z] > git remote --verbose [21ms]
[2022-02-05T12:55:43.373Z] > git for-each-ref --sort -committerdate --format %(refname) %(objectname) %(*objectname) [38ms]
[2022-02-05T12:55:43.422Z] > git config --get commit.template [13ms]
[2022-02-05T12:55:49.971Z] > git log --format=%H%n%aN%n%aE%n%at%n%ct%n%P%n%B -z -n21 -- /workspace/src/postgres_jupyter.ipynb [178ms]
[2022-02-05T12:55:53.806Z] > git ls-files --stage -- /workspace/.gitconfig [26ms]
[2022-02-05T12:55:53.887Z] > git cat-file -s d62208254ca7568c346713115d09071f6ba5db4f [65ms]
[2022-02-05T12:55:58.795Z] > git ls-files --stage -- /workspace/.gitignore [25ms]
[2022-02-05T12:56:00.691Z] > git ls-files --stage -- /workspace/.gitconfig [24ms]
[2022-02-05T12:56:00.755Z] > git cat-file -s d62208254ca7568c346713115d09071f6ba5db4f [47ms]
[2022-02-05T12:56:23.094Z] > git symbolic-ref --short HEAD [20ms]
[2022-02-05T12:56:23.143Z] > git for-each-ref --format=%(refname)%00%(upstream:short)%00%(objectname)%00%(upstream:track) refs/heads/master refs/remotes/master [42ms]
[2022-02-05T12:56:23.176Z] > git remote --verbose [18ms]
[2022-02-05T12:56:23.183Z] > git for-each-ref --sort -committerdate --format %(refname) %(objectname) %(*objectname) [32ms]
[2022-02-05T12:56:23.204Z] > git config --get commit.template [9ms]
[2022-02-05T13:03:55.770Z] > git ls-files --stage -- /workspace/.gitconfig [27ms]
[2022-02-05T13:03:55.829Z] > git cat-file -s d62208254ca7568c346713115d09071f6ba5db4f [42ms]
[2022-02-05T13:04:03.732Z] > git symbolic-ref --short HEAD [18ms]
[2022-02-05T13:04:03.780Z] > git for-each-ref --format=%(refname)%00%(upstream:short)%00%(objectname)%00%(upstream:track) refs/heads/master refs/remotes/master [40ms]
[2022-02-05T13:04:03.817Z] > git remote --verbose [19ms]
[2022-02-05T13:04:03.821Z] > git for-each-ref --sort -committerdate --format %(refname) %(objectname) %(*objectname) [33ms]
[2022-02-05T13:04:03.842Z] > git config --get commit.template [9ms]
