[Info  - 12:51:58 PM] (628) Pylance language server 2022.2.0 (pyright 65946fc7) starting
[Info  - 12:51:58 PM] (628) Server root directory: /home/jovyan/.vscode-server/extensions/ms-python.vscode-pylance-2022.2.0/dist
[Info  - 12:51:58 PM] (628) No configuration file found.
[Info  - 12:51:58 PM] (628) No pyproject.toml file found.
[Info  - 12:51:58 PM] (628) Setting pythonPath for service "workspace": "/usr/bin/python3"
[Warn  - 12:51:58 PM] (628) stubPath /workspace/typings is not a valid directory.
[Info  - 12:51:58 PM] (628) Assuming Python version 3.8
[Info  - 12:51:58 PM] (628) Assuming Python platform Linux
[Warn  - 12:51:58 PM] (628) Exception received when installing file system watcher: TypeError [ERR_FEATURE_UNAVAILABLE_ON_PLATFORM]: The feature watch recursively is unavailable on the current platform, which is being used to run Node.js
[Warn  - 12:51:58 PM] (628) Exception received when installing file system watcher: TypeError [ERR_FEATURE_UNAVAILABLE_ON_PLATFORM]: The feature watch recursively is unavailable on the current platform, which is being used to run Node.js
[Warn  - 12:51:58 PM] (628) Exception received when installing file system watcher: TypeError [ERR_FEATURE_UNAVAILABLE_ON_PLATFORM]: The feature watch recursively is unavailable on the current platform, which is being used to run Node.js
[Warn  - 12:51:58 PM] (628) Exception received when installing file system watcher: TypeError [ERR_FEATURE_UNAVAILABLE_ON_PLATFORM]: The feature watch recursively is unavailable on the current platform, which is being used to run Node.js
[Info  - 12:51:58 PM] (628) Searching for source files
[Info  - 12:52:05 PM] (628) Found 6024 source files
[Info  - 12:52:05 PM] (628) Background analysis(1) root directory: /home/jovyan/.vscode-server/extensions/ms-python.vscode-pylance-2022.2.0/dist
[Info  - 12:52:05 PM] (628) Background analysis(1) started
[Info  - 12:52:07 PM] (628) Indexer background runner(2) root directory: /home/jovyan/.vscode-server/extensions/ms-python.vscode-pylance-2022.2.0/dist (index)
[Info  - 12:52:07 PM] (628) Indexing(2) started
[Info  - 12:52:07 PM] (628) Indexer done(2). indexed 422 files
[Info  - 12:52:07 PM] (628) Searching for source files
[Info  - 12:52:15 PM] (628) Found 6024 source files
[Info  - 12:53:18 PM] (628) Searching for source files
[Info  - 12:53:25 PM] (628) Found 6024 source files
[Info  - 12:53:25 PM] (628) Searching for source files
[Info  - 12:53:30 PM] (628) Found 6024 source files
